<?xml version="1.0" encoding="UTF-8" ?>
<testsuite tests="11" failures="0" name="MaksukorttiTest" time="0.011" errors="0" skipped="0">
  <properties>
[...]
</properties>
  <testcase classname="MaksukorttiTest" name="konstruktoriAsettaaSaldonOikein" time="0.011"/>
  <testcase classname="MaksukorttiTest" name="edullisenLounaanOstoKunRahaaTasanEdulliseenLounaaseen" time="0"/>
  <testcase classname="MaksukorttiTest" name="syoMaukkaastiEiVieSaldoaNegatiiviseksi" time="0"/>
  <testcase classname="MaksukorttiTest" name="korttilleEiVoiLadataNegatiivistaRahaa" time="0"/>
  <testcase classname="MaksukorttiTest" name="syoEdullisestiEiVieSaldoaNegatiiviseksi" time="0"/>
  <testcase classname="MaksukorttiTest" name="hello" time="0"/>
  <testcase classname="MaksukorttiTest" name="syoEdullisestiVahentaaSaldoaOikein" time="0"/>
  <testcase classname="MaksukorttiTest" name="maukkaanLounaanOstoKunRahaaTasanMaukkaaseenLounaaseen" time="0"/>
  <testcase classname="MaksukorttiTest" name="syoMaukkaastiVahentaaSaldoaOikein" time="0"/>
  <testcase classname="MaksukorttiTest" name="kortinSaldoEiylitaMakismiarvoa" time="0"/>
  <testcase classname="MaksukorttiTest" name="kortilleVoiLadataRahaa" time="0"/>
</testsuite>